#
# There is insufficient memory for the Java Runtime Environment to continue.
# Native memory allocation (malloc) failed to allocate 1048576 bytes for AllocateHeap
# Possible reasons:
#   The system is out of physical RAM or swap space
#   The process is running with CompressedOops enabled, and the Java Heap may be blocking the growth of the native heap
# Possible solutions:
#   Reduce memory load on the system
#   Increase physical memory or swap space
#   Check if swap backing store is full
#   Decrease Java heap size (-Xmx/-Xms)
#   Decrease number of Java threads
#   Decrease Java thread stack sizes (-Xss)
#   Set larger code cache with -XX:ReservedCodeCacheSize=
#   JVM is running with Unscaled Compressed Oops mode in which the Java heap is
#     placed in the first 4GB address space. The Java Heap base address is the
#     maximum limit for the native heap growth. Please use -XX:HeapBaseMinAddress
#     to set the Java Heap base and to place the Java Heap above 4GB virtual address.
# This output file may be truncated or incomplete.
#
#  Out of Memory Error (allocation.cpp:44), pid=19492, tid=5952
#
# JRE version:  (17.0.3+7) (build )
# Java VM: OpenJDK 64-Bit Server VM (17.0.3+7, mixed mode, sharing, tiered, compressed oops, compressed class ptrs, g1 gc, windows-amd64)
# No core dump will be written. Minidumps are not enabled by default on client versions of Windows
#

---------------  S U M M A R Y ------------

Command Line: -Dfile.encoding=UTF-8 --module-path=C:\Users\tn\Desktop\NesrineMiniProjekt\Caffe Management System\build\classes caffe.management.system.Produkt_Anzeigen_Bearbeiten_Löschen

Host: AMD Ryzen 5 5500U with Radeon Graphics         , 12 cores, 7G,  Windows 11 , 64 bit Build 22621 (10.0.22621.2506)
Time: Tue Jan  2 22:58:16 2024 Mitteleuropäische Zeit elapsed time: 0.035046 seconds (0d 0h 0m 0s)

---------------  T H R E A D  ---------------

Current thread (0x0000025f38f2a300):  JavaThread "Unknown thread" [_thread_in_vm, id=5952, stack(0x000000c044f00000,0x000000c045000000)]

Stack: [0x000000c044f00000,0x000000c045000000]
Native frames: (J=compiled Java code, j=interpreted, Vv=VM code, C=native code)
V  [jvm.dll+0x675efa]
V  [jvm.dll+0x830a24]
V  [jvm.dll+0x8321ce]
V  [jvm.dll+0x832833]
V  [jvm.dll+0x2454b5]
V  [jvm.dll+0xa6393]
V  [jvm.dll+0x2e4327]
V  [jvm.dll+0x2dc18b]
V  [jvm.dll+0x802651]
V  [jvm.dll+0x3693b1]
V  [jvm.dll+0x7e1aac]
V  [jvm.dll+0x3ebd8f]
V  [jvm.dll+0x3ed911]
C  [jli.dll+0x5277]
C  [ucrtbase.dll+0x29363]
C  [KERNEL32.DLL+0x1257d]
C  [ntdll.dll+0x5aa58]


---------------  P R O C E S S  ---------------

Threads class SMR info:
_java_thread_list=0x00007ffee75e6e98, length=0, elements={
}

Java Threads: ( => current thread )

Other Threads:
  0x0000025f38f829e0 GCTaskThread "GC Thread#0" [stack: 0x000000c045000000,0x000000c045100000] [id=4028]

[error occurred during error reporting (printing all threads), id 0xc0000005, EXCEPTION_ACCESS_VIOLATION (0xc0000005) at pc=0x00007ffee6db92b0]

VM state: not at safepoint (not fully initialized)

VM Mutex/Monitor currently owned by a thread:  ([mutex/lock_event])
[0x0000025f38f25c10] Heap_lock - owner thread: 0x0000025f38f2a300

Heap address: 0x000000008ae00000, size: 1874 MB, Compressed Oops mode: 32-bit

CDS archive(s) mapped at: [0x0000000000000000-0x0000000000000000-0x0000000000000000), size 0, SharedBaseAddress: 0x0000000800000000, ArchiveRelocationMode: 0.
Narrow klass base: 0x0000000000000000, Narrow klass shift: 0, Narrow klass range: 0x0

GC Precious Log:
<Empty>

Heap:
 garbage-first heap   total 0K, used 0K [0x000000008ae00000, 0x0000000100000000)
  region size 1024K, 0 young (0K), 0 survivors (0K)

[error occurred during error reporting (printing heap information), id 0xc0000005, EXCEPTION_ACCESS_VIOLATION (0xc0000005) at pc=0x00007ffee719f249]

GC Heap History (0 events):
No events

Deoptimization events (0 events):
No events

Classes unloaded (0 events):
No events

Classes redefined (0 events):
No events

Internal exceptions (0 events):
No events

VM Operations (0 events):
No events

Events (1 events):
Event: 0.023 Loaded shared library C:\Program Files\Eclipse Adoptium\jdk-17.0.3.7-hotspot\bin\java.dll


Dynamic libraries:
0x00007ff6b5280000 - 0x00007ff6b528e000 	C:\Program Files\Eclipse Adoptium\jdk-17.0.3.7-hotspot\bin\java.exe
0x00007fff7cdb0000 - 0x00007fff7cfc7000 	C:\WINDOWS\SYSTEM32\ntdll.dll
0x00007fff7acc0000 - 0x00007fff7ad84000 	C:\WINDOWS\System32\KERNEL32.DLL
0x00007fff7a600000 - 0x00007fff7a9a6000 	C:\WINDOWS\System32\KERNELBASE.dll
0x00007fff7a300000 - 0x00007fff7a411000 	C:\WINDOWS\System32\ucrtbase.dll
0x00007fff65670000 - 0x00007fff65688000 	C:\Program Files\Eclipse Adoptium\jdk-17.0.3.7-hotspot\bin\jli.dll
0x00007fff52310000 - 0x00007fff52329000 	C:\Program Files\Eclipse Adoptium\jdk-17.0.3.7-hotspot\bin\VCRUNTIME140.dll
0x00007fff7cb50000 - 0x00007fff7ccfe000 	C:\WINDOWS\System32\USER32.dll
0x00007fff666c0000 - 0x00007fff66953000 	C:\WINDOWS\WinSxS\amd64_microsoft.windows.common-controls_6595b64144ccf1df_6.0.22621.2506_none_270c5ae97388e100\COMCTL32.dll
0x00007fff7a9b0000 - 0x00007fff7a9d6000 	C:\WINDOWS\System32\win32u.dll
0x00007fff7ae30000 - 0x00007fff7aed7000 	C:\WINDOWS\System32\msvcrt.dll
0x00007fff7ab60000 - 0x00007fff7ab89000 	C:\WINDOWS\System32\GDI32.dll
0x00007fff7a420000 - 0x00007fff7a538000 	C:\WINDOWS\System32\gdi32full.dll
0x00007fff7a9e0000 - 0x00007fff7aa7a000 	C:\WINDOWS\System32\msvcp_win.dll
0x00007fff7b2e0000 - 0x00007fff7b311000 	C:\WINDOWS\System32\IMM32.DLL
0x00007fff52500000 - 0x00007fff5250c000 	C:\Program Files\Eclipse Adoptium\jdk-17.0.3.7-hotspot\bin\vcruntime140_1.dll
0x00007ffee7b00000 - 0x00007ffee7b91000 	C:\Program Files\Eclipse Adoptium\jdk-17.0.3.7-hotspot\bin\msvcp140.dll
0x00007ffee6ad0000 - 0x00007ffee7718000 	C:\Program Files\Eclipse Adoptium\jdk-17.0.3.7-hotspot\bin\server\jvm.dll
0x00007fff7be80000 - 0x00007fff7bf31000 	C:\WINDOWS\System32\ADVAPI32.dll
0x00007fff7ac10000 - 0x00007fff7acb5000 	C:\WINDOWS\System32\sechost.dll
0x00007fff7b500000 - 0x00007fff7b617000 	C:\WINDOWS\System32\RPCRT4.dll
0x00007fff7ae20000 - 0x00007fff7ae28000 	C:\WINDOWS\System32\PSAPI.DLL
0x00007fff71ee0000 - 0x00007fff71f14000 	C:\WINDOWS\SYSTEM32\WINMM.dll
0x00007fff71730000 - 0x00007fff7173a000 	C:\WINDOWS\SYSTEM32\VERSION.dll
0x00007fff5ce70000 - 0x00007fff5ce79000 	C:\WINDOWS\SYSTEM32\WSOCK32.dll
0x00007fff7b480000 - 0x00007fff7b4f1000 	C:\WINDOWS\System32\WS2_32.dll
0x00007fff79120000 - 0x00007fff79138000 	C:\WINDOWS\SYSTEM32\kernel.appcore.dll
0x00007fff52040000 - 0x00007fff5204a000 	C:\Program Files\Eclipse Adoptium\jdk-17.0.3.7-hotspot\bin\jimage.dll
0x00007fff66da0000 - 0x00007fff66fd3000 	C:\WINDOWS\SYSTEM32\DBGHELP.DLL
0x00007fff7c240000 - 0x00007fff7c5c9000 	C:\WINDOWS\System32\combase.dll
0x00007fff7aee0000 - 0x00007fff7afb7000 	C:\WINDOWS\System32\OLEAUT32.dll
0x00007fff59a90000 - 0x00007fff59ac2000 	C:\WINDOWS\SYSTEM32\dbgcore.DLL
0x00007fff7aa80000 - 0x00007fff7aafa000 	C:\WINDOWS\System32\bcryptPrimitives.dll
0x00007fff51740000 - 0x00007fff51765000 	C:\Program Files\Eclipse Adoptium\jdk-17.0.3.7-hotspot\bin\java.dll

dbghelp: loaded successfully - version: 4.0.5 - missing functions: none
symbol engine: initialized successfully - sym options: 0x614 - pdb path: .;C:\Program Files\Eclipse Adoptium\jdk-17.0.3.7-hotspot\bin;C:\WINDOWS\SYSTEM32;C:\WINDOWS\WinSxS\amd64_microsoft.windows.common-controls_6595b64144ccf1df_6.0.22621.2506_none_270c5ae97388e100;C:\Program Files\Eclipse Adoptium\jdk-17.0.3.7-hotspot\bin\server

VM Arguments:
jvm_args: -Dfile.encoding=UTF-8 --module-path=C:\Users\tn\Desktop\NesrineMiniProjekt\Caffe Management System\build\classes 
java_command: caffe.management.system.Produkt_Anzeigen_Bearbeiten_Löschen
java_class_path (initial): C:\Users\tn\Desktop\NesrineMiniProjekt\Caffe Management System\lib\absolutelayout\AbsoluteLayout.jar;C:\Users\tn\Desktop\NesrineMiniProjekt\Caffe Management System\lib\mysql-connector-j-8.0.32.jar;C:\Users\tn\Desktop\NesrineMiniProjekt\Caffe Management System\lib\itext.jar;C:\Users\tn\Desktop\NesrineMiniProjekt\Caffe Management System\build\classes
Launcher Type: SUN_STANDARD

[Global flags]
     intx CICompilerCount                          = 4                                         {product} {ergonomic}
     uint ConcGCThreads                            = 3                                         {product} {ergonomic}
     uint G1ConcRefinementThreads                  = 10                                        {product} {ergonomic}
   size_t G1HeapRegionSize                         = 1048576                                   {product} {ergonomic}
    uintx GCDrainStackTargetSize                   = 64                                        {product} {ergonomic}
   size_t InitialHeapSize                          = 123731968                                 {product} {ergonomic}
   size_t MarkStackSize                            = 4194304                                   {product} {ergonomic}
   size_t MaxHeapSize                              = 1965031424                                {product} {ergonomic}
   size_t MinHeapDeltaBytes                        = 1048576                                   {product} {ergonomic}
   size_t MinHeapSize                              = 8388608                                   {product} {ergonomic}
    uintx NonNMethodCodeHeapSize                   = 5839372                                {pd product} {ergonomic}
    uintx NonProfiledCodeHeapSize                  = 122909434                              {pd product} {ergonomic}
    uintx ProfiledCodeHeapSize                     = 122909434                              {pd product} {ergonomic}
    uintx ReservedCodeCacheSize                    = 251658240                              {pd product} {ergonomic}
     bool SegmentedCodeCache                       = true                                      {product} {ergonomic}
   size_t SoftMaxHeapSize                          = 1965031424                             {manageable} {ergonomic}
     bool UseCompressedClassPointers               = true                           {product lp64_product} {ergonomic}
     bool UseCompressedOops                        = true                           {product lp64_product} {ergonomic}
     bool UseG1GC                                  = true                                      {product} {ergonomic}
     bool UseLargePagesIndividualAllocation        = false                                  {pd product} {ergonomic}

Logging:
Log output configuration:
 #0: stdout all=warning uptime,level,tags
 #1: stderr all=off uptime,level,tags

Environment Variables:
JAVA_HOME=C:\Program Files\Eclipse Adoptium\jdk-17.0.3.7-hotspot\
PATH=C:\Program Files\Eclipse Adoptium\jdk-17.0.3.7-hotspot\bin;C:\WINDOWS\system32;C:\WINDOWS;C:\WINDOWS\System32\Wbem;C:\WINDOWS\System32\WindowsPowerShell\v1.0\;C:\WINDOWS\System32\OpenSSH\;C:\Program Files\dotnet\;C:\Users\tn\AppData\Local\Programs\Python\Launcher\;C:\Users\tn\AppData\Local\Microsoft\WindowsApps;C:\Users\tn\AppData\Local\Programs\Microsoft VS Code\bin;C:\Users\tn\AppData\Local\GitHubDesktop\bin
USERNAME=tn
OS=Windows_NT
PROCESSOR_IDENTIFIER=AMD64 Family 23 Model 104 Stepping 1, AuthenticAMD



---------------  S Y S T E M  ---------------

OS:
 Windows 11 , 64 bit Build 22621 (10.0.22621.2506)
OS uptime: 1 days 5:24 hours

CPU: total 12 (initial active 12) (12 cores per cpu, 2 threads per core) family 23 model 104 stepping 1 microcode 0x0, cx8, cmov, fxsr, ht, mmx, 3dnowpref, sse, sse2, sse3, ssse3, sse4a, sse4.1, sse4.2, popcnt, lzcnt, tsc, tscinvbit, avx, avx2, aes, clmul, bmi1, bmi2, adx, sha, fma, vzeroupper, clflush, clflushopt

Memory: 4k page, system-wide physical 7488M (279M free)
TotalPageFile size 30016M (AvailPageFile size 6M)
current process WorkingSet (physical memory assigned to process): 11M, peak: 11M
current process commit charge ("private bytes"): 62M, peak: 63M

vm_info: OpenJDK 64-Bit Server VM (17.0.3+7) for windows-amd64 JRE (17.0.3+7), built on Apr 19 2022 16:55:35 by "" with MS VC++ 16.7 (VS2019)

END.
